Flutter crash report.
Please report a bug at https://github.com/flutter/flutter/issues.

## command

flutter --quiet assemble --no-version-check --depfile C:\Users\minb1\StudioProjects\user_app\build\app\intermediates\flutter\debug/flutter_build.d --output C:\Users\minb1\StudioProjects\user_app\build\app\intermediates\flutter\debug -dTargetFile=C:\Users\minb1\StudioProjects\user_app\lib\main.dart -dTargetPlatform=android -dBuildMode=debug -dTrackWidgetCreation=true --DartDefines=Zmx1dHRlci5pbnNwZWN0b3Iuc3RydWN0dXJlZEVycm9ycz10cnVl,RkxVVFRFUl9XRUJfQVVUT19ERVRFQ1Q9dHJ1ZQ==,RkxVVFRFUl9XRUJfQ0FOVkFTS0lUX1VSTD1odHRwczovL3d3dy5nc3RhdGljLmNvbS9mbHV0dGVyLWNhbnZhc2tpdC8zZjNlNTYwMjM2NTM5YjdlMjcwMmY1YWM3OTBiMmE0NjkxYjMyZDQ5Lw== debug_android_application

## exception

PathAccessException: PathAccessException: Cannot delete file, path = 'C:\Users\minb1\StudioProjects\user_app\build\app\intermediates\flutter\debug\flutter_assets\assets/images/slider/27.jpg' (OS Error: The process cannot access the file because it is being used by another process.
, errno = 32)

```
#0      _File.throwIfError (dart:io/file_impl.dart:675:7)
#1      _File._deleteSync (dart:io/file_impl.dart:329:5)
#2      FileSystemEntity.deleteSync (dart:io/file_system_entity.dart:414:7)
#3      ForwardingFileSystemEntity.deleteSync (package:file/src/forwarding/forwarding_file_system_entity.dart:70:16)
#4      ForwardingFileSystemEntity.deleteSync (package:file/src/forwarding/forwarding_file_system_entity.dart:70:16)
#5      ErrorHandlingFileSystem.deleteIfExists (package:flutter_tools/src/base/error_handling_io.dart:80:12)
#6      FlutterBuildSystem.trackSharedBuildDirectory (package:flutter_tools/src/build_system/build_system.dart:756:33)
#7      FlutterBuildSystem.build (package:flutter_tools/src/build_system/build_system.dart:644:5)
<asynchronous suspension>
#8      AssembleCommand.runCommand (package:flutter_tools/src/commands/assemble.dart:315:32)
<asynchronous suspension>
#9      FlutterCommand.run.<anonymous closure> (package:flutter_tools/src/runner/flutter_command.dart:1350:27)
<asynchronous suspension>
#10     AppContext.run.<anonymous closure> (package:flutter_tools/src/base/context.dart:150:19)
<asynchronous suspension>
#11     CommandRunner.runCommand (package:args/command_runner.dart:212:13)
<asynchronous suspension>
#12     FlutterCommandRunner.runCommand.<anonymous closure> (package:flutter_tools/src/runner/flutter_command_runner.dart:348:9)
<asynchronous suspension>
#13     AppContext.run.<anonymous closure> (package:flutter_tools/src/base/context.dart:150:19)
<asynchronous suspension>
#14     FlutterCommandRunner.runCommand (package:flutter_tools/src/runner/flutter_command_runner.dart:294:5)
<asynchronous suspension>
#15     run.<anonymous closure>.<anonymous closure> (package:flutter_tools/runner.dart:112:9)
<asynchronous suspension>
#16     AppContext.run.<anonymous closure> (package:flutter_tools/src/base/context.dart:150:19)
<asynchronous suspension>
#17     main (package:flutter_tools/executable.dart:90:3)
<asynchronous suspension>
```

## flutter doctor

```
[!] Flutter (Channel [user-branch], 3.16.6-0.0.pre.1, on Microsoft Windows [Version 10.0.22631.5335], locale en-US)
    ! Flutter version 3.16.6-0.0.pre.1 on channel [user-branch] at C:\flutter
      Currently on an unknown channel. Run `flutter channel` to switch to an official channel.
      If that doesn't fix the issue, reinstall Flutter by following instructions at https://flutter.dev/docs/get-started/install.
    ! Upstream repository unknown source is not a standard remote.
      Set environment variable "FLUTTER_GIT_URL" to unknown source to dismiss this error.
    • Framework revision f9957bd2d5 (8 months ago), 2024-10-01 10:07:11 +0200
    • Engine revision 3f3e560236
    • Dart version 3.2.3
    • DevTools version 2.28.4
    • If those were intentional, you can disregard the above warnings; however it is recommended to use "git" directly to perform update checks and upgrades.

[✓] Windows Version (Installed version of Windows is version 10 or higher)

[✓] Android toolchain - develop for Android devices (Android SDK version 35.0.0)
    • Android SDK at C:\Users\minb1\AppData\Local\Android\sdk
    • Platform android-35, build-tools 35.0.0
    • Java binary at: C:\Program Files\Android\Android Studio\jbr\bin\java
    • Java version OpenJDK Runtime Environment (build 17.0.11+0--11852314)
    • All Android licenses accepted.

[✓] Chrome - develop for the web
    • Chrome at C:\Program Files\Google\Chrome\Application\chrome.exe

[✗] Visual Studio - develop Windows apps
    ✗ Visual Studio not installed; this is necessary to develop Windows apps.
      Download at https://visualstudio.microsoft.com/downloads/.
      Please install the "Desktop development with C++" workload, including all of its default components

[✓] Android Studio (version 2024.1)
    • Android Studio at C:\Program Files\Android\Android Studio
    • Flutter plugin can be installed from:
      🔨 https://plugins.jetbrains.com/plugin/9212-flutter
    • Dart plugin can be installed from:
      🔨 https://plugins.jetbrains.com/plugin/6351-dart
    • Java version OpenJDK Runtime Environment (build 17.0.11+0--11852314)

[✓] VS Code (version 1.99.3)
    • VS Code at C:\Users\minb1\AppData\Local\Programs\Microsoft VS Code
    • Flutter extension version 3.110.0

[✓] Connected device (4 available)
    • SM S916N (mobile) • R3CW30D37YF • android-arm64  • Android 13 (API 33)
    • Windows (desktop) • windows     • windows-x64    • Microsoft Windows [Version 10.0.22631.5335]
    • Chrome (web)      • chrome      • web-javascript • Google Chrome 136.0.7103.114
    • Edge (web)        • edge        • web-javascript • Microsoft Edge 136.0.3240.76

[✓] Network resources
    • All expected network resources are available.

! Doctor found issues in 2 categories.
```
